\BOOKMARK [1][-]{section.1}{\376\377\000\332\000v\000o\000d}{}% 1
\BOOKMARK [1][-]{section.2}{\376\377\000T\000e\000o\000r\000e\000t\000i\000c\000k\000\351\000\040\000z\000\341\000k\000l\000a\000d\000y\000\040\000a\000\040\000s\000\372\001\015\000a\000s\000n\000\375\000\040\000s\000t\000a\000v\000\040\000v\000\375\000s\000k\000u\000m\000u}{}% 2
\BOOKMARK [2][-]{subsection.2.1}{\376\377\000U\000m\000e\000l\000\341\000\040\000i\000n\000t\000e\000l\000i\000g\000e\000n\000c\000i\000a\000\040\000v\000\040\000a\000k\000a\000d\000e\000m\000i\000c\000k\000o\000m\000\040\000p\000r\000o\000s\000t\000r\000e\000d\000\355}{section.2}% 3
\BOOKMARK [2][-]{subsection.2.2}{\376\377\000N\000L\000P\000\040\000t\000e\000c\000h\000n\000o\000l\000\363\000g\000i\000e\000\040\000a\000\040\000j\000a\000z\000y\000k\000o\000v\000\351\000\040\000m\000o\000d\000e\000l\000y}{section.2}% 4
\BOOKMARK [2][-]{subsection.2.3}{\376\377\000S\000l\000o\000v\000e\000n\000s\000k\000\351\000\040\000a\000\040\000v\000i\000a\000c\000j\000a\000z\000y\001\015\000n\000\351\000\040\000N\000L\000P\000\040\000m\000o\000d\000e\000l\000y}{section.2}% 5
\BOOKMARK [2][-]{subsection.2.4}{\376\377\000E\000t\000i\000c\000k\000\351\000\040\000a\000\040\000s\000p\000o\000l\000o\001\015\000e\000n\000s\000k\000\351\000\040\000a\000s\000p\000e\000k\000t\000y\000\040\000p\000o\000u\001\176\000i\000t\000i\000a\000\040\000A\000I}{section.2}% 6
\BOOKMARK [1][-]{section.3}{\376\377\000M\000e\000t\000o\000d\000o\000l\000\363\000g\000i\000a\000\040\000v\000\375\000s\000k\000u\000m\000u}{}% 7
\BOOKMARK [2][-]{subsection.3.1}{\376\377\000V\000\375\000s\000k\000u\000m\000n\000\375\000\040\000d\000i\000z\000a\000j\000n}{section.3}% 8
\BOOKMARK [2][-]{subsection.3.2}{\376\377\000Z\000b\000e\000r\000\040\000a\000\040\000s\000p\000r\000a\000c\000o\000v\000a\000n\000i\000e\000\040\000d\000\341\000t}{section.3}% 9
\BOOKMARK [2][-]{subsection.3.3}{\376\377\000T\000r\000\351\000n\000i\000n\000g\000\040\000a\000\040\000a\000d\000a\000p\000t\000\341\000c\000i\000a\000\040\000m\000o\000d\000e\000l\000o\000v}{section.3}% 10
\BOOKMARK [2][-]{subsection.3.4}{\376\377\000E\000v\000a\000l\000u\000\341\000c\000i\000a\000\040\000a\000\040\000m\000e\000t\000r\000i\000k\000y}{section.3}% 11
\BOOKMARK [2][-]{subsection.3.5}{\376\377\000V\000a\000l\000i\000d\000\341\000c\000i\000a\000\040\000a\000\040\000e\000x\000p\000e\000r\000i\000m\000e\000n\000t\000\341\000l\000n\000y\000\040\000p\000l\000\341\000n}{section.3}% 12
\BOOKMARK [1][-]{section.4}{\376\377\000I\000m\000p\000l\000e\000m\000e\000n\000t\000\341\000c\000i\000a\000\040\000s\000y\000s\000t\000\351\000m\000u\000\040\000E\000d\000u\000G\000u\000i\000d\000e\000\040\000A\000I}{}% 13
\BOOKMARK [2][-]{subsection.4.1}{\376\377\000A\000r\000c\000h\000i\000t\000e\000k\000t\000\372\000r\000a\000\040\000s\000y\000s\000t\000\351\000m\000u}{section.4}% 14
\BOOKMARK [2][-]{subsection.4.2}{\376\377\000I\000n\000t\000e\000g\000r\000\341\000c\000i\000a\000\040\000s\000\040\000u\000n\000i\000v\000e\000r\000z\000i\000t\000n\000\375\000m\000i\000\040\000s\000y\000s\000t\000\351\000m\000a\000m\000i}{section.4}% 15
\BOOKMARK [2][-]{subsection.4.3}{\376\377\000P\000o\000u\001\176\000\355\000v\000a\000t\000e\001\076\000s\000k\000\351\000\040\000r\000o\000z\000h\000r\000a\000n\000i\000e\000\040\000a\000\040\000U\000X\000\040\000n\000\341\000v\000r\000h}{section.4}% 16
\BOOKMARK [2][-]{subsection.4.4}{\376\377\000T\000e\000c\000h\000n\000o\000l\000o\000g\000i\000c\000k\000\375\000\040\000s\000t\000a\000c\000k\000\040\000a\000\040\000i\000m\000p\000l\000e\000m\000e\000n\000t\000a\001\015\000n\000\351\000\040\000n\000\341\000s\000t\000r\000o\000j\000e}{section.4}% 17
\BOOKMARK [1][-]{section.5}{\376\377\000E\000x\000p\000e\000r\000i\000m\000e\000n\000t\000\341\000l\000n\000e\000\040\000v\000\375\000s\000l\000e\000d\000k\000y\000\040\000a\000\040\000a\000n\000a\000l\000\375\000z\000a}{}% 18
\BOOKMARK [2][-]{subsection.5.1}{\376\377\000V\000\375\000k\000o\000n\000n\000o\000s\000t\000n\000\351\000\040\000p\000o\000r\000o\000v\000n\000a\000n\000i\000e\000\040\000m\000o\000d\000e\000l\000o\000v}{section.5}% 19
\BOOKMARK [2][-]{subsection.5.2}{\376\377\000A\000n\000a\000l\000\375\000z\000a\000\040\000c\000h\000\375\000b\000\040\000a\000\040\000l\000i\000m\000i\000t\000\341\000c\000i\000\355}{section.5}% 20
\BOOKMARK [2][-]{subsection.5.3}{\376\377\000M\000e\000r\000a\000n\000i\000e\000\040\000p\000o\000u\001\176\000\355\000v\000a\000t\000e\001\076\000s\000k\000e\000j\000\040\000s\000p\000o\000k\000o\000j\000n\000o\000s\000t\000i}{section.5}% 21
\BOOKMARK [2][-]{subsection.5.4}{\376\377\000D\000i\000s\000k\000u\000s\000i\000a\000\040\000v\000\375\000s\000l\000e\000d\000k\000o\000v}{section.5}% 22
\BOOKMARK [1][-]{section.6}{\376\377\000D\000i\000s\000k\000u\000s\000i\000a\000\040\000a\000\040\000o\000d\000p\000o\000r\000\372\001\015\000a\000n\000i\000a}{}% 23
\BOOKMARK [2][-]{subsection.6.1}{\376\377\000P\000o\000r\000o\000v\000n\000a\000n\000i\000e\000\040\000s\000\040\000e\000x\000i\000s\000t\000u\000j\000\372\000c\000i\000m\000i\000\040\000r\000i\000e\001\141\000e\000n\000i\000a\000m\000i}{section.6}% 24
\BOOKMARK [2][-]{subsection.6.2}{\376\377\000P\000r\000a\000k\000t\000i\000c\000k\000\351\000\040\000i\000m\000p\000l\000i\000k\000\341\000c\000i\000e\000\040\000a\000\040\000m\000o\001\176\000n\000o\000s\000t\000i\000\040\000n\000a\000s\000a\000d\000e\000n\000i\000a}{section.6}% 25
\BOOKMARK [2][-]{subsection.6.3}{\376\377\000L\000i\000m\000i\000t\000y\000\040\000v\000\375\000s\000k\000u\000m\000u\000\040\000a\000\040\000b\000u\000d\000\372\000c\000e\000\040\000s\000m\000e\000r\000o\000v\000a\000n\000i\000e}{section.6}% 26
\BOOKMARK [1][-]{section.7}{\376\377\000Z\000\341\000v\000e\000r}{}% 27
\BOOKMARK [2][-]{subsection.7.1}{\376\377\000Z\000h\000r\000n\000u\000t\000i\000e\000\040\000h\000l\000a\000v\000n\000\375\000c\000h\000\040\000p\000r\000\355\000n\000o\000s\000o\000v\000\040\000p\000r\000\341\000c\000e}{section.7}% 28
\BOOKMARK [2][-]{subsection.7.2}{\376\377\000M\000o\001\176\000n\000o\000s\000t\000i\000\040\000r\000o\000z\001\141\000\355\000r\000e\000n\000i\000a\000\040\000a\000\040\000b\000u\000d\000\372\000c\000e\000\040\000v\000\375\000z\000v\000y}{section.7}% 29
